
*** Running vivado
    with args -log MTX.vds -m64 -product Vivado -mode batch -messageDb vivado.pb -notrace -source MTX.tcl


ECHO is off.
ECHO is off.

****** Vivado v2023.2 (64-bit)
  **** SW Build 4029153 on Fri Oct 13 20:14:34 MDT 2023
  **** IP Build 4028589 on Sat Oct 14 00:45:43 MDT 2023
  **** SharedData Build 4025554 on Tue Oct 10 17:18:54 MDT 2023
    ** Copyright 1986-2022 Xilinx, Inc. All Rights Reserved.
    ** Copyright 2022-2023 Advanced Micro Devices, Inc. All Rights Reserved.

source MTX.tcl -notrace
create_project: Time (s): cpu = 00:00:04 ; elapsed = 00:00:06 . Memory (MB): peak = 474.457 ; gain = 181.332
Command: synth_design -top MTX -part xc7a35tcpg236-1
Starting synth_design
Attempting to get a license for feature 'Synthesis' and/or device 'xc7a35t'
INFO: [Common 17-349] Got license for feature 'Synthesis' and/or device 'xc7a35t'
INFO: [Synth 8-7079] Multithreading enabled for synth_design using a maximum of 2 processes.
INFO: [Synth 8-7078] Launching helper process for spawning children vivado processes
INFO: [Synth 8-7075] Helper process launched with PID 9748
---------------------------------------------------------------------------------
Starting Synthesize : Time (s): cpu = 00:00:05 ; elapsed = 00:00:08 . Memory (MB): peak = 922.805 ; gain = 443.383
---------------------------------------------------------------------------------
INFO: [Synth 8-6157] synthesizing module 'MTX' [C:/Users/acer/Downloads/UASDSD/UASDSD/UASDSD.srcs/sim_1/new/MTX.v:23]
INFO: [Synth 8-6157] synthesizing module 'MX' [C:/Users/acer/Downloads/UASDSD/UASDSD/UASDSD.srcs/sim_1/new/MX.v:23]
INFO: [Synth 8-6157] synthesizing module 'AD8' [C:/Users/acer/Downloads/UASDSD/UASDSD/UASDSD.srcs/sim_1/new/AD8.v:23]
INFO: [Synth 8-6157] synthesizing module 'HA' [C:/Users/acer/Downloads/UASDSD/UASDSD/UASDSD.srcs/sim_1/new/HA.v:23]
INFO: [Synth 8-6155] done synthesizing module 'HA' (0#1) [C:/Users/acer/Downloads/UASDSD/UASDSD/UASDSD.srcs/sim_1/new/HA.v:23]
INFO: [Synth 8-6157] synthesizing module 'FA' [C:/Users/acer/Downloads/UASDSD/UASDSD/UASDSD.srcs/sim_1/new/FA.v:23]
INFO: [Synth 8-6155] done synthesizing module 'FA' (0#1) [C:/Users/acer/Downloads/UASDSD/UASDSD/UASDSD.srcs/sim_1/new/FA.v:23]
INFO: [Synth 8-6155] done synthesizing module 'AD8' (0#1) [C:/Users/acer/Downloads/UASDSD/UASDSD/UASDSD.srcs/sim_1/new/AD8.v:23]
INFO: [Synth 8-6155] done synthesizing module 'MX' (0#1) [C:/Users/acer/Downloads/UASDSD/UASDSD/UASDSD.srcs/sim_1/new/MX.v:23]
INFO: [Synth 8-6157] synthesizing module 'AD16' [C:/Users/acer/Downloads/UASDSD/UASDSD/UASDSD.srcs/sim_1/new/AD16.v:23]
INFO: [Synth 8-6155] done synthesizing module 'AD16' (0#1) [C:/Users/acer/Downloads/UASDSD/UASDSD/UASDSD.srcs/sim_1/new/AD16.v:23]
INFO: [Synth 8-6155] done synthesizing module 'MTX' (0#1) [C:/Users/acer/Downloads/UASDSD/UASDSD/UASDSD.srcs/sim_1/new/MTX.v:23]
---------------------------------------------------------------------------------
Finished Synthesize : Time (s): cpu = 00:00:07 ; elapsed = 00:00:10 . Memory (MB): peak = 1029.465 ; gain = 550.043
---------------------------------------------------------------------------------
---------------------------------------------------------------------------------
Finished Constraint Validation : Time (s): cpu = 00:00:07 ; elapsed = 00:00:11 . Memory (MB): peak = 1029.465 ; gain = 550.043
---------------------------------------------------------------------------------
---------------------------------------------------------------------------------
Start Loading Part and Timing Information
---------------------------------------------------------------------------------
Loading part: xc7a35tcpg236-1
INFO: [Device 21-403] Loading part xc7a35tcpg236-1
---------------------------------------------------------------------------------
Finished Loading Part and Timing Information : Time (s): cpu = 00:00:07 ; elapsed = 00:00:11 . Memory (MB): peak = 1029.465 ; gain = 550.043
---------------------------------------------------------------------------------
---------------------------------------------------------------------------------
Finished RTL Optimization Phase 2 : Time (s): cpu = 00:00:07 ; elapsed = 00:00:11 . Memory (MB): peak = 1029.465 ; gain = 550.043
---------------------------------------------------------------------------------
No constraint files found.
---------------------------------------------------------------------------------
Start RTL Component Statistics 
---------------------------------------------------------------------------------
Detailed RTL Component Info : 
+---XORs : 
	   2 Input      1 Bit         XORs := 482   
---------------------------------------------------------------------------------
Finished RTL Component Statistics 
---------------------------------------------------------------------------------
---------------------------------------------------------------------------------
Start Part Resource Summary
---------------------------------------------------------------------------------
Part Resources:
DSPs: 90 (col length:60)
BRAMs: 100 (col length: RAMB18 60 RAMB36 30)
---------------------------------------------------------------------------------
Finished Part Resource Summary
---------------------------------------------------------------------------------
No constraint files found.
---------------------------------------------------------------------------------
Start Cross Boundary and Area Optimization
---------------------------------------------------------------------------------
WARNING: [Synth 8-7080] Parallel synthesis criteria is not met
---------------------------------------------------------------------------------
Finished Cross Boundary and Area Optimization : Time (s): cpu = 00:00:18 ; elapsed = 00:00:38 . Memory (MB): peak = 1241.887 ; gain = 762.465
---------------------------------------------------------------------------------
No constraint files found.
---------------------------------------------------------------------------------
Start Timing Optimization
---------------------------------------------------------------------------------
---------------------------------------------------------------------------------
Finished Timing Optimization : Time (s): cpu = 00:00:18 ; elapsed = 00:00:38 . Memory (MB): peak = 1250.781 ; gain = 771.359
---------------------------------------------------------------------------------
---------------------------------------------------------------------------------
Start Technology Mapping
---------------------------------------------------------------------------------
---------------------------------------------------------------------------------
Finished Technology Mapping : Time (s): cpu = 00:00:19 ; elapsed = 00:00:38 . Memory (MB): peak = 1250.781 ; gain = 771.359
---------------------------------------------------------------------------------
---------------------------------------------------------------------------------
Start IO Insertion
---------------------------------------------------------------------------------
---------------------------------------------------------------------------------
Start Flattening Before IO Insertion
---------------------------------------------------------------------------------
---------------------------------------------------------------------------------
Finished Flattening Before IO Insertion
---------------------------------------------------------------------------------
---------------------------------------------------------------------------------
Start Final Netlist Cleanup
---------------------------------------------------------------------------------
---------------------------------------------------------------------------------
Finished Final Netlist Cleanup
---------------------------------------------------------------------------------
---------------------------------------------------------------------------------
Finished IO Insertion : Time (s): cpu = 00:00:23 ; elapsed = 00:00:45 . Memory (MB): peak = 1250.781 ; gain = 771.359
---------------------------------------------------------------------------------
---------------------------------------------------------------------------------
Start Renaming Generated Instances
---------------------------------------------------------------------------------
---------------------------------------------------------------------------------
Finished Renaming Generated Instances : Time (s): cpu = 00:00:23 ; elapsed = 00:00:45 . Memory (MB): peak = 1250.781 ; gain = 771.359
---------------------------------------------------------------------------------
---------------------------------------------------------------------------------
Start Rebuilding User Hierarchy
---------------------------------------------------------------------------------
---------------------------------------------------------------------------------
Finished Rebuilding User Hierarchy : Time (s): cpu = 00:00:23 ; elapsed = 00:00:45 . Memory (MB): peak = 1250.781 ; gain = 771.359
---------------------------------------------------------------------------------
---------------------------------------------------------------------------------
Start Renaming Generated Ports
---------------------------------------------------------------------------------
---------------------------------------------------------------------------------
Finished Renaming Generated Ports : Time (s): cpu = 00:00:23 ; elapsed = 00:00:45 . Memory (MB): peak = 1250.781 ; gain = 771.359
---------------------------------------------------------------------------------
---------------------------------------------------------------------------------
Start Handling Custom Attributes
---------------------------------------------------------------------------------
---------------------------------------------------------------------------------
Finished Handling Custom Attributes : Time (s): cpu = 00:00:23 ; elapsed = 00:00:45 . Memory (MB): peak = 1250.781 ; gain = 771.359
---------------------------------------------------------------------------------
---------------------------------------------------------------------------------
Start Renaming Generated Nets
---------------------------------------------------------------------------------
---------------------------------------------------------------------------------
Finished Renaming Generated Nets : Time (s): cpu = 00:00:23 ; elapsed = 00:00:45 . Memory (MB): peak = 1250.781 ; gain = 771.359
---------------------------------------------------------------------------------
---------------------------------------------------------------------------------
Start Writing Synthesis Report
---------------------------------------------------------------------------------

Report BlackBoxes: 
+-+--------------+----------+
| |BlackBox name |Instances |
+-+--------------+----------+
+-+--------------+----------+

Report Cell Usage: 
+------+-----+------+
|      |Cell |Count |
+------+-----+------+
|1     |LUT2 |   160|
|2     |LUT3 |    18|
|3     |LUT4 |    86|
|4     |LUT5 |    54|
|5     |LUT6 |   396|
|6     |IBUF |    48|
|7     |OBUF |    34|
+------+-----+------+

Report Instance Areas: 
+------+---------+-------+------+
|      |Instance |Module |Cells |
+------+---------+-------+------+
|1     |top      |       |   796|
+------+---------+-------+------+
---------------------------------------------------------------------------------
Finished Writing Synthesis Report : Time (s): cpu = 00:00:23 ; elapsed = 00:00:45 . Memory (MB): peak = 1250.781 ; gain = 771.359
---------------------------------------------------------------------------------
Synthesis finished with 0 errors, 0 critical warnings and 1 warnings.
Synthesis Optimization Runtime : Time (s): cpu = 00:00:23 ; elapsed = 00:00:45 . Memory (MB): peak = 1250.781 ; gain = 771.359
Synthesis Optimization Complete : Time (s): cpu = 00:00:23 ; elapsed = 00:00:45 . Memory (MB): peak = 1250.781 ; gain = 771.359
INFO: [Project 1-571] Translating synthesized netlist
Netlist sorting complete. Time (s): cpu = 00:00:00 ; elapsed = 00:00:00.008 . Memory (MB): peak = 1262.836 ; gain = 0.000
INFO: [Project 1-570] Preparing netlist for logic optimization
INFO: [Opt 31-138] Pushed 0 inverter(s) to 0 load pin(s).
Netlist sorting complete. Time (s): cpu = 00:00:00 ; elapsed = 00:00:00 . Memory (MB): peak = 1317.109 ; gain = 0.000
INFO: [Project 1-111] Unisim Transformation Summary:
No Unisim elements were transformed.

The system cannot find the path specified.
Synth Design complete | Checksum: 750a2310
INFO: [Common 17-83] Releasing license: Synthesis
22 Infos, 1 Warnings, 0 Critical Warnings and 0 Errors encountered.
synth_design completed successfully
synth_design: Time (s): cpu = 00:00:25 ; elapsed = 00:00:48 . Memory (MB): peak = 1317.109 ; gain = 842.652
Write ShapeDB Complete: Time (s): cpu = 00:00:00 ; elapsed = 00:00:00.004 . Memory (MB): peak = 1317.109 ; gain = 0.000
INFO: [Common 17-1381] The checkpoint 'C:/Users/acer/Downloads/UASDSD/UASDSD/UASDSD.runs/synth_1/MTX.dcp' has been generated.
INFO: [runtcl-4] Executing : report_utilization -file MTX_utilization_synth.rpt -pb MTX_utilization_synth.pb
INFO: [Common 17-206] Exiting Vivado at Thu Jan 11 21:29:30 2024...
